#
# A fatal error has been detected by the Java Runtime Environment:
#
#  SIGSEGV (0xb) at pc=0x0000003e1780a9f5, pid=28450, tid=140260827789056
#
# JRE version: 6.0_22-b22
# Java VM: OpenJDK 64-Bit Server VM (20.0-b11 mixed mode linux-amd64 compressed oops)
# Derivative: IcedTea6 1.10.6
# Distribution: Fedora release 15 (Lovelock), package fedora-63.1.10.6.fc15-x86_64
# Problematic frame:
# C  [libxcb.so.1+0xa9f5]  xcb_poll_for_event+0x15
#
# If you would like to submit a bug report, please include
# instructions how to reproduce the bug and visit:
#   http://icedtea.classpath.org/bugzilla
# The crash happened outside the Java Virtual Machine in native code.
# See problematic frame for where to report the bug.
#

---------------  T H R E A D  ---------------

Current thread (0x00007f9110318000):  JavaThread "main-Display-X11_:0-1-EDT-1" daemon [_thread_in_native, id=28481, stack(0x00007f9104c0f000,0x00007f9104d10000)]

siginfo:si_signo=SIGSEGV: si_errno=0, si_code=1 (SEGV_MAPERR), si_addr=0x0000000000000000

Registers:
RAX=0x0000000000000000, RBX=0x00007f90ac00c8d0, RCX=0x00007f90ac00c680, RDX=0x00007f90ac00c680
RSP=0x00007f9104d0e140, RBP=0x0000000000000000, RSI=0x0000000000000000, RDI=0x0000000000000000
R8 =0x0000000000000000, R9 =0x0000000000006f41, R10=0x00007f91168d6ca0, R11=0x00007f9104d0d8c0
R12=0x0000000000000000, R13=0x000000077ba8ace0, R14=0x00007f9104d0e528, R15=0x00007f9110318000
RIP=0x0000003e1780a9f5, EFLAGS=0x0000000000010202, CSGSFS=0x0000000000000033, ERR=0x0000000000000004
  TRAPNO=0x000000000000000e

Top of Stack: (sp=0x00007f9104d0e140)
0x00007f9104d0e140:   00007f90ac00c8d0 00007f90ac00c680
0x00007f9104d0e150:   0000000000000000 0000003e174452c9
0x00007f9104d0e160:   000000077ba8ace0 00007f90ac00c8d0
0x00007f9104d0e170:   00007f90ac00c8d0 0000003e174453b1
0x00007f9104d0e180:   0000000000000000 0000000000000000
0x00007f9104d0e190:   000000077ba8ace0 00007f90ac00c8d0
0x00007f9104d0e1a0:   0000000000000000 0000003e17445a3d
0x00007f9104d0e1b0:   00007f90ac00c8d0 0000003e1743656d
0x00007f9104d0e1c0:   000000077ba8ace0 000000077ba8ace0
0x00007f9104d0e1d0:   00007f9104d0e450 00007f9104d1419c
0x00007f9104d0e1e0:   00007f910000ffff 00007f9100000000
0x00007f9104d0e1f0:   00007f9100000000 0000000000000111
0x00007f9104d0e200:   0000000000000256 0000000000000111
0x00007f9104d0e210:   0000000000000256 00007f90ac00c8d0
0x00007f9104d0e220:   00007f9104d0e528 00007f91103181d0
0x00007f9104d0e230:   0000000000000000 000000000000ff1b
0x00007f9104d0e240:   000000000000ff1b 00007f90ac00c8d0
0x00007f9104d0e250:   0000000000000111 0000000000000000
0x00007f9104d0e260:   00007f90d8111f60 000000077bc0cba8
0x00007f9104d0e270:   0000006304d0e2d0 00007f9100000000
0x00007f9104d0e280:   00007f9104d0001b 00007f90d8112318
0x00007f9104d0e290:   00007f90d8111f50 000000077bc0cc20
0x00007f9104d0e2a0:   000000077bc09bd0 00007f90d8111f40
0x00007f9104d0e2b0:   000000007bc0cc20 0000000000000006
0x00007f9104d0e2c0:   0000000000000000 000000077bc0cba8
0x00007f9104d0e2d0:   00007f9104d0e310 00007f91163d1329
0x00007f9104d0e2e0:   000000077bc0cc40 00007f90d8111f40
0x00007f9104d0e2f0:   00007f9104d0e310 00007f91163153b6
0x00007f9104d0e300:   00007f9104d0e3d0 00007f90d8111f50
0x00007f9104d0e310:   00007f9104d0e380 00007f911631551e
0x00007f9104d0e320:   00007f9104d0e350 00007f9115f4d4c3
0x00007f9104d0e330:   00007f90d8112318 00007f90d8111f40 

Instructions: (pc=0x0000003e1780a9f5)
0x0000003e1780a9d5:   ff ff 66 0f 1f 84 00 00 00 00 00 48 89 5c 24 e8
0x0000003e1780a9e5:   48 89 6c 24 f0 31 ed 4c 89 64 24 f8 48 83 ec 18
0x0000003e1780a9f5:   44 8b 27 48 89 fb 45 85 e4 75 24 4c 8d 67 18 4c
0x0000003e1780aa05:   89 e7 e8 5c db ff ff 48 89 df e8 1c ef ff ff 48 

Register to memory mapping:

RAX=0x0000000000000000 is an unknown value
RBX=0x00007f90ac00c8d0 is an unknown value
RCX=0x00007f90ac00c680 is an unknown value
RDX=0x00007f90ac00c680 is an unknown value
RSP=0x00007f9104d0e140 is pointing into the stack for thread: 0x00007f9110318000
RBP=0x0000000000000000 is an unknown value
RSI=0x0000000000000000 is an unknown value
RDI=0x0000000000000000 is an unknown value
R8 =0x0000000000000000 is an unknown value
R9 =0x0000000000006f41 is an unknown value
R10=0x00007f91168d6ca0: <offset 0xbbeca0> in /usr/lib/jvm/java-1.6.0-openjdk-1.6.0.0.x86_64/jre/lib/amd64/server/libjvm.so at 0x00007f9115d18000
R11=0x00007f9104d0d8c0 is pointing into the stack for thread: 0x00007f9110318000
R12=0x0000000000000000 is an unknown value
R13=0x000000077ba8ace0 is an oop
{method} 
 - klass: {other class}
R14=0x00007f9104d0e528 is pointing into the stack for thread: 0x00007f9110318000
R15=0x00007f9110318000 is a thread


Stack: [0x00007f9104c0f000,0x00007f9104d10000],  sp=0x00007f9104d0e140,  free space=1020k
Native frames: (J=compiled Java code, j=interpreted, Vv=VM code, C=native code)
C  [libxcb.so.1+0xa9f5]  xcb_poll_for_event+0x15

[error occurred during error reporting (printing native stack), id 0xb]

Java frames: (J=compiled Java code, j=interpreted, Vv=VM code)
j  jogamp.newt.driver.x11.X11Display.DispatchMessages0(JJJ)V+0
j  jogamp.newt.driver.x11.X11Display.dispatchMessagesNative()V+22
j  jogamp.newt.DisplayImpl.dispatchMessages()V+112
j  jogamp.newt.DisplayImpl$DispatchMessagesRunnable.run()V+4
j  jogamp.newt.DefaultEDTUtil$EventDispatchThread.run()V+61
v  ~StubRoutines::call_stub

---------------  P R O C E S S  ---------------

Java Threads: ( => current thread )
  0x00007f90ac55b000 JavaThread "Timer-1" daemon [_thread_blocked, id=28487, stack(0x00007f91049e3000,0x00007f9104ae4000)]
  0x00007f90ac018800 JavaThread "main-Display-X11_:0-1-EDT-1-Display-X11_:0-2-EDT-1" daemon [_thread_in_native, id=28486, stack(0x00007f9104ae4000,0x00007f9104be5000)]
  0x00007f90ac413800 JavaThread "AWT-EventQueue-0" [_thread_blocked, id=28485, stack(0x00007f910752e000,0x00007f910762f000)]
  0x00007f90ac01a000 JavaThread "AWT-Shutdown" [_thread_blocked, id=28484, stack(0x00007f910742c000,0x00007f910752d000)]
  0x00007f9110007800 JavaThread "DestroyJavaVM" [_thread_blocked, id=28455, stack(0x00007f9115993000,0x00007f9115a94000)]
  0x00007f9110324800 JavaThread "Timer-0" [_thread_blocked, id=28482, stack(0x00007f9104122000,0x00007f9104223000)]
=>0x00007f9110318000 JavaThread "main-Display-X11_:0-1-EDT-1" daemon [_thread_in_native, id=28481, stack(0x00007f9104c0f000,0x00007f9104d10000)]
  0x00007f91100df000 JavaThread "main-SharedResourceRunner" daemon [_thread_blocked, id=28480, stack(0x00007f91071b5000,0x00007f91072b6000)]
  0x00007f90c00a4800 JavaThread "TimerQueue" daemon [_thread_blocked, id=28478, stack(0x00007f91072c4000,0x00007f91073c5000)]
  0x00007f91101f0000 JavaThread "AWT-XAWT" daemon [_thread_in_native, id=28469, stack(0x00007f9107632000,0x00007f9107733000)]
  0x00007f9110161000 JavaThread "Java2D Disposer" daemon [_thread_blocked, id=28468, stack(0x00007f910c00d000,0x00007f910c10e000)]
  0x00007f911009f800 JavaThread "Low Memory Detector" daemon [_thread_blocked, id=28466, stack(0x00007f910c4f5000,0x00007f910c5f6000)]
  0x00007f911009d000 JavaThread "C2 CompilerThread1" daemon [_thread_blocked, id=28465, stack(0x00007f910c5f6000,0x00007f910c6f7000)]
  0x00007f911009a000 JavaThread "C2 CompilerThread0" daemon [_thread_blocked, id=28464, stack(0x00007f910c6f7000,0x00007f910c7f8000)]
  0x00007f911008c000 JavaThread "Signal Dispatcher" daemon [_thread_blocked, id=28463, stack(0x00007f910c7f8000,0x00007f910c8f9000)]
  0x00007f9110079800 JavaThread "Finalizer" daemon [_thread_blocked, id=28462, stack(0x00007f910c8f9000,0x00007f910c9fa000)]
  0x00007f9110077800 JavaThread "Reference Handler" daemon [_thread_blocked, id=28461, stack(0x00007f910c9fa000,0x00007f910cafb000)]

Other Threads:
  0x00007f9110070800 VMThread [stack: 0x00007f910cafb000,0x00007f910cbfc000] [id=28460]
  0x00007f91100a2000 WatcherThread [stack: 0x00007f910c3f4000,0x00007f910c4f5000] [id=28467]

VM state:not at safepoint (normal execution)

VM Mutex/Monitor currently owned by a thread: None

Heap
 PSYoungGen      total 36800K, used 25062K [0x00000007d6eb0000, 0x00000007d97c0000, 0x0000000800000000)
  eden space 31552K, 79% used [0x00000007d6eb0000,0x00000007d8729a80,0x00000007d8d80000)
  from space 5248K, 0% used [0x00000007d92a0000,0x00000007d92a0000,0x00000007d97c0000)
  to   space 5248K, 0% used [0x00000007d8d80000,0x00000007d8d80000,0x00000007d92a0000)
 PSOldGen        total 84096K, used 0K [0x0000000784c00000, 0x0000000789e20000, 0x00000007d6eb0000)
  object space 84096K, 0% used [0x0000000784c00000,0x0000000784c00000,0x0000000789e20000)
 PSPermGen       total 22784K, used 22699K [0x000000077a600000, 0x000000077bc40000, 0x0000000784c00000)
  object space 22784K, 99% used [0x000000077a600000,0x000000077bc2aca0,0x000000077bc40000)

Code Cache  [0x00007f910d000000, 0x00007f910d270000, 0x00007f9110000000)
 total_blobs=838 nmethods=91 adapters=701 free_code_cache=49467712 largest_free_block=7488

Dynamic libraries:
00400000-00408000 r-xp 00000000 fd:01 5901790                            /usr/lib/jvm/java-1.6.0-openjdk-1.6.0.0.x86_64/bin/java
00608000-00609000 rw-p 00008000 fd:01 5901790                            /usr/lib/jvm/java-1.6.0-openjdk-1.6.0.0.x86_64/bin/java
00dec000-00e0d000 rw-p 00000000 00:00 0                                  [heap]
77a600000-77bc40000 rw-p 00000000 00:00 0 
77bc40000-784c00000 rw-p 00000000 00:00 0 
784c00000-789e20000 rw-p 00000000 00:00 0 
789e20000-7d6eb0000 rw-p 00000000 00:00 0 
7d6eb0000-7d97c0000 rw-p 00000000 00:00 0 
7d97c0000-800000000 rw-p 00000000 00:00 0 
3e13c00000-3e13c1f000 r-xp 00000000 fd:01 786761                         /lib64/ld-2.14.1.so
3e13e1e000-3e13e1f000 r--p 0001e000 fd:01 786761                         /lib64/ld-2.14.1.so
3e13e1f000-3e13e20000 rw-p 0001f000 fd:01 786761                         /lib64/ld-2.14.1.so
3e13e20000-3e13e21000 rw-p 00000000 00:00 0 
3e14000000-3e14190000 r-xp 00000000 fd:01 801281                         /lib64/libc-2.14.1.so
3e14190000-3e1438f000 ---p 00190000 fd:01 801281                         /lib64/libc-2.14.1.so
3e1438f000-3e14393000 r--p 0018f000 fd:01 801281                         /lib64/libc-2.14.1.so
3e14393000-3e14394000 rw-p 00193000 fd:01 801281                         /lib64/libc-2.14.1.so
3e14394000-3e1439a000 rw-p 00000000 00:00 0 
3e14400000-3e14416000 r-xp 00000000 fd:01 801286                         /lib64/libpthread-2.14.1.so
3e14416000-3e14615000 ---p 00016000 fd:01 801286                         /lib64/libpthread-2.14.1.so
3e14615000-3e14616000 r--p 00015000 fd:01 801286                         /lib64/libpthread-2.14.1.so
3e14616000-3e14617000 rw-p 00016000 fd:01 801286                         /lib64/libpthread-2.14.1.so
3e14617000-3e1461b000 rw-p 00000000 00:00 0 
3e14800000-3e14804000 r-xp 00000000 fd:01 6165505                        /usr/lib/jvm/java-1.6.0-openjdk-1.6.0.0.x86_64/jre/lib/amd64/jli/libjli.so
3e14804000-3e14a03000 ---p 00004000 fd:01 6165505                        /usr/lib/jvm/java-1.6.0-openjdk-1.6.0.0.x86_64/jre/lib/amd64/jli/libjli.so
3e14a03000-3e14a04000 rw-p 00003000 fd:01 6165505                        /usr/lib/jvm/java-1.6.0-openjdk-1.6.0.0.x86_64/jre/lib/amd64/jli/libjli.so
3e14c00000-3e14c02000 r-xp 00000000 fd:01 801287                         /lib64/libdl-2.14.1.so
3e14c02000-3e14e02000 ---p 00002000 fd:01 801287                         /lib64/libdl-2.14.1.so
3e14e02000-3e14e03000 r--p 00002000 fd:01 801287                         /lib64/libdl-2.14.1.so
3e14e03000-3e14e04000 rw-p 00003000 fd:01 801287                         /lib64/libdl-2.14.1.so
3e15000000-3e15007000 r-xp 00000000 fd:01 801302                         /lib64/librt-2.14.1.so
3e15007000-3e15206000 ---p 00007000 fd:01 801302                         /lib64/librt-2.14.1.so
3e15206000-3e15207000 r--p 00006000 fd:01 801302                         /lib64/librt-2.14.1.so
3e15207000-3e15208000 rw-p 00007000 fd:01 801302                         /lib64/librt-2.14.1.so
3e15400000-3e15416000 r-xp 00000000 fd:01 801283                         /lib64/libz.so.1.2.5
3e15416000-3e15616000 ---p 00016000 fd:01 801283                         /lib64/libz.so.1.2.5
3e15616000-3e15617000 rw-p 00016000 fd:01 801283                         /lib64/libz.so.1.2.5
3e15800000-3e15815000 r-xp 00000000 fd:01 801285                         /lib64/libgcc_s-4.6.1-20110908.so.1
3e15815000-3e15a14000 ---p 00015000 fd:01 801285                         /lib64/libgcc_s-4.6.1-20110908.so.1
3e15a14000-3e15a15000 rw-p 00014000 fd:01 801285                         /lib64/libgcc_s-4.6.1-20110908.so.1
3e16000000-3e1601d000 r-xp 00000000 fd:01 801291                         /lib64/libselinux.so.1
3e1601d000-3e1621c000 ---p 0001d000 fd:01 801291                         /lib64/libselinux.so.1
3e1621c000-3e1621d000 r--p 0001c000 fd:01 801291                         /lib64/libselinux.so.1
3e1621d000-3e1621e000 rw-p 0001d000 fd:01 801291                         /lib64/libselinux.so.1
3e1621e000-3e1621f000 rw-p 00000000 00:00 0 
3e17000000-3e17002000 r-xp 00000000 fd:01 5136985                        /usr/lib64/libXau.so.6.0.0
3e17002000-3e17202000 ---p 00002000 fd:01 5136985                        /usr/lib64/libXau.so.6.0.0
3e17202000-3e17203000 rw-p 00002000 fd:01 5136985                        /usr/lib64/libXau.so.6.0.0
3e17400000-3e17539000 r-xp 00000000 fd:01 5137067                        /usr/lib64/libX11.so.6.3.0
3e17539000-3e17738000 ---p 00139000 fd:01 5137067                        /usr/lib64/libX11.so.6.3.0
3e17738000-3e1773e000 rw-p 00138000 fd:01 5137067                        /usr/lib64/libX11.so.6.3.0
3e17800000-3e1781b000 r-xp 00000000 fd:01 5136996                        /usr/lib64/libxcb.so.1.1.0
3e1781b000-3e17a1a000 ---p 0001b000 fd:01 5136996                        /usr/lib64/libxcb.so.1.1.0
3e17a1a000-3e17a1b000 rw-p 0001a000 fd:01 5136996                        /usr/lib64/libxcb.so.1.1.0
3e17c00000-3e17c27000 r-xp 00000000 fd:01 801284                         /lib64/libexpat.so.1.5.2
3e17c27000-3e17e26000 ---p 00027000 fd:01 801284                         /lib64/libexpat.so.1.5.2
3e17e26000-3e17e29000 rw-p 00026000 fd:01 801284                         /lib64/libexpat.so.1.5.2
3e18400000-3e18411000 r-xp 00000000 fd:01 5114629                        /usr/lib64/libXext.so.6.4.0
3e18411000-3e18611000 ---p 00011000 fd:01 5114629                        /usr/lib64/libXext.so.6.4.0
3e18611000-3e18612000 rw-p 00011000 fd:01 5114629                        /usr/lib64/libXext.so.6.4.0
3e18c00000-3e18c96000 r-xp 00000000 fd:01 5125733                        /usr/lib64/libfreetype.so.6.6.2
3e18c96000-3e18e96000 ---p 00096000 fd:01 5125733                        /usr/lib64/libfreetype.so.6.6.2
3e18e96000-3e18e9c000 rw-p 00096000 fd:01 5125733                        /usr/lib64/libfreetype.so.6.6.2
3e19800000-3e1980f000 r-xp 00000000 fd:01 5137608                        /usr/lib64/libXi.so.6.1.0
3e1980f000-3e19a0e000 ---p 0000f000 fd:01 5137608                        /usr/lib64/libXi.so.6.1.0
3e19a0e000-3e19a0f000 rw-p 0000e000 fd:01 5137608                        /usr/lib64/libXi.so.6.1.0
3e19c00000-3e19c09000 r-xp 00000000 fd:01 5137077                        /usr/lib64/libXrender.so.1.3.0
3e19c09000-3e19e09000 ---p 00009000 fd:01 5137077                        /usr/lib64/libXrender.so.1.3.0
3e19e09000-3e19e0a000 rw-p 00009000 fd:01 5137077                        /usr/lib64/libXrender.so.1.3.0
3e1a000000-3e1a005000 r-xp 00000000 fd:01 5137722                        /usr/lib64/libXfixes.so.3.1.0
3e1a005000-3e1a205000 ---p 00005000 fd:01 5137722                        /usr/lib64/libXfixes.so.3.1.0
3e1a205000-3e1a206000 rw-p 00005000 fd:01 5137722                        /usr/lib64/libXfixes.so.3.1.0
3e1a400000-3e1a408000 r-xp 00000000 fd:01 5137610                        /usr/lib64/libXrandr.so.2.2.0
3e1a408000-3e1a607000 ---p 00008000 fd:01 5137610                        /usr/lib64/libXrandr.so.2.2.0
3e1a607000-3e1a608000 rw-p 00007000 fd:01 5137610                        /usr/lib64/libXrandr.so.2.2.0
3e1a800000-3e1a802000 r-xp 00000000 fd:01 5137180                        /usr/lib64/libXinerama.so.1.0.0
3e1a802000-3e1aa01000 ---p 00002000 fd:01 5137180                        /usr/lib64/libXinerama.so.1.0.0
3e1aa01000-3e1aa02000 rw-p 00001000 fd:01 5137180                        /usr/lib64/libXinerama.so.1.0.0
3e1ac00000-3e1ac09000 r-xp 00000000 fd:01 5137774                        /usr/lib64/libXcursor.so.1.0.2
3e1ac09000-3e1ae09000 ---p 00009000 fd:01 5137774                        /usr/lib64/libXcursor.so.1.0.2
3e1ae09000-3e1ae0a000 rw-p 00009000 fd:01 5137774                        /usr/lib64/libXcursor.so.1.0.2
3e1b400000-3e1b4e8000 r-xp 00000000 fd:01 5127805                        /usr/lib64/libstdc++.so.6.0.16
3e1b4e8000-3e1b6e8000 ---p 000e8000 fd:01 5127805                        /usr/lib64/libstdc++.so.6.0.16
3e1b6e8000-3e1b6f0000 r--p 000e8000 fd:01 5127805                        /usr/lib64/libstdc++.so.6.0.16
3e1b6f0000-3e1b6f2000 rw-p 000f0000 fd:01 5127805                        /usr/lib64/libstdc++.so.6.0.16
3e1b6f2000-3e1b707000 rw-p 00000000 00:00 0 
3e1b800000-3e1b802000 r-xp 00000000 fd:01 5130824                        /usr/lib64/libXdamage.so.1.1.0
3e1b802000-3e1ba01000 ---p 00002000 fd:01 5130824                        /usr/lib64/libXdamage.so.1.1.0
3e1ba01000-3e1ba02000 rw-p 00001000 fd:01 5130824                        /usr/lib64/libXdamage.so.1.1.0
3e23400000-3e23405000 r-xp 00000000 fd:01 5137912                        /usr/lib64/libXtst.so.6.1.0
3e23405000-3e23605000 ---p 00005000 fd:01 5137912                        /usr/lib64/libXtst.so.6.1.0
3e23605000-3e23606000 rw-p 00005000 fd:01 5137912                        /usr/lib64/libXtst.so.6.1.0
3e27800000-3e27816000 r-xp 00000000 fd:01 801318                         /lib64/libnsl-2.14.1.so
3e27816000-3e27a15000 ---p 00016000 fd:01 801318                         /lib64/libnsl-2.14.1.so
3e27a15000-3e27a16000 r--p 00015000 fd:01 801318                         /lib64/libnsl-2.14.1.so
3e27a16000-3e27a17000 rw-p 00016000 fd:01 801318                         /lib64/libnsl-2.14.1.so
3e27a17000-3e27a19000 rw-p 00000000 00:00 0 
3e27c00000-3e27c0a000 r-xp 00000000 fd:01 5114362                        /usr/lib64/libdrm.so.2.4.0
3e27c0a000-3e27e09000 ---p 0000a000 fd:01 5114362                        /usr/lib64/libdrm.so.2.4.0
3e27e09000-3e27e0a000 rw-p 00009000 fd:01 5114362                        /usr/lib64/libdrm.so.2.4.0
3e2ba00000-3e2ba05000 r-xp 00000000 fd:01 5138347                        /usr/lib64/libXxf86vm.so.1.0.0
3e2ba05000-3e2bc04000 ---p 00005000 fd:01 5138347                        /usr/lib64/libXxf86vm.so.1.0.0
3e2bc04000-3e2bc05000 rw-p 00004000 fd:01 5138347                        /usr/lib64/libXxf86vm.so.1.0.0
3e2d600000-3e2d66e000 r-xp 00000000 fd:01 5138349                        /usr/lib64/libGL.so.1.2
3e2d66e000-3e2d86d000 ---p 0006e000 fd:01 5138349                        /usr/lib64/libGL.so.1.2
3e2d86d000-3e2d87a000 rw-p 0006d000 fd:01 5138349                        /usr/lib64/libGL.so.1.2
3e2d87a000-3e2d87d000 rw-p 00000000 00:00 0 
7f90a4000000-7f90a5181000 rw-p 00000000 00:00 0 
7f90a5181000-7f90a8000000 ---p 00000000 00:00 0 
7f90a8000000-7f90a8021000 rw-p 00000000 00:00 0 
7f90a8021000-7f90ac000000 ---p 00000000 00:00 0 
7f90ac000000-7f90ac5a6000 rw-p 00000000 00:00 0 
7f90ac5a6000-7f90b0000000 ---p 00000000 00:00 0 
7f90b0000000-7f90b0080000 rw-p 00000000 00:00 0 
7f90b0080000-7f90b4000000 ---p 00000000 00:00 0 
7f90b4000000-7f90b4021000 rw-p 00000000 00:00 0 
7f90b4021000-7f90b8000000 ---p 00000000 00:00 0 
7f90b8000000-7f90b83a0000 rw-p 00000000 00:00 0 
7f90b83a0000-7f90bc000000 ---p 00000000 00:00 0 
7f90bc000000-7f90bc021000 rw-p 00000000 00:00 0 
7f90bc021000-7f90c0000000 ---p 00000000 00:00 0 
7f90c0000000-7f90c0127000 rw-p 00000000 00:00 0 
7f90c0127000-7f90c4000000 ---p 00000000 00:00 0 
7f90c4000000-7f90c4021000 rw-p 00000000 00:00 0 
7f90c4021000-7f90c8000000 ---p 00000000 00:00 0 
7f90c8000000-7f90c8021000 rw-p 00000000 00:00 0 
7f90c8021000-7f90cc000000 ---p 00000000 00:00 0 
7f90cc000000-7f90cc021000 rw-p 00000000 00:00 0 
7f90cc021000-7f90d0000000 ---p 00000000 00:00 0 
7f90d0000000-7f90d0021000 rw-p 00000000 00:00 0 
7f90d0021000-7f90d4000000 ---p 00000000 00:00 0 
7f90d4000000-7f90d42c7000 rw-p 00000000 00:00 0 
7f90d42c7000-7f90d8000000 ---p 00000000 00:00 0 
7f90d8000000-7f90d825e000 rw-p 00000000 00:00 0 
7f90d825e000-7f90dc000000 ---p 00000000 00:00 0 
7f90dc000000-7f90dc021000 rw-p 00000000 00:00 0 
7f90dc021000-7f90e0000000 ---p 00000000 00:00 0 
7f90e1bdd000-7f90e8000000 r--p 00000000 fd:01 5116197                    /usr/lib/locale/locale-archive
7f90e8000000-7f90e8021000 rw-p 00000000 00:00 0 
7f90e8021000-7f90ec000000 ---p 00000000 00:00 0 
7f90ec000000-7f90ec021000 rw-p 00000000 00:00 0 
7f90ec021000-7f90f0000000 ---p 00000000 00:00 0 
7f90f0000000-7f90f0021000 rw-p 00000000 00:00 0 
7f90f0021000-7f90f4000000 ---p 00000000 00:00 0 
7f90f4000000-7f90f4021000 rw-p 00000000 00:00 0 
7f90f4021000-7f90f8000000 ---p 00000000 00:00 0 
7f90f8000000-7f90f8021000 rw-p 00000000 00:00 0 
7f90f8021000-7f90fc000000 ---p 00000000 00:00 0 
7f90ff7c1000-7f90ff7cb000 r-xp 00000000 fd:01 6032568                    /usr/lib/jvm/java-1.6.0-openjdk-1.6.0.0.x86_64/jre/lib/amd64/libjpeg.so
7f90ff7cb000-7f90ff9ca000 ---p 0000a000 fd:01 6032568                    /usr/lib/jvm/java-1.6.0-openjdk-1.6.0.0.x86_64/jre/lib/amd64/libjpeg.so
7f90ff9ca000-7f90ff9cb000 rw-p 00009000 fd:01 6032568                    /usr/lib/jvm/java-1.6.0-openjdk-1.6.0.0.x86_64/jre/lib/amd64/libjpeg.so
7f90ff9cb000-7f90ff9fc000 r-xp 00000000 fd:01 6032439                    /usr/lib/jvm/java-1.6.0-openjdk-1.6.0.0.x86_64/jre/lib/amd64/liblcms.so
7f90ff9fc000-7f90ffbfb000 ---p 00031000 fd:01 6032439                    /usr/lib/jvm/java-1.6.0-openjdk-1.6.0.0.x86_64/jre/lib/amd64/liblcms.so
7f90ffbfb000-7f90ffbfd000 rw-p 00030000 fd:01 6032439                    /usr/lib/jvm/java-1.6.0-openjdk-1.6.0.0.x86_64/jre/lib/amd64/liblcms.so
7f90ffbfd000-7f90ffbff000 rw-p 00000000 00:00 0 
7f9100000000-7f9100021000 rw-p 00000000 00:00 0 
7f9100021000-7f9104000000 ---p 00000000 00:00 0 
7f9104122000-7f9104125000 ---p 00000000 00:00 0 
7f9104125000-7f9104223000 rw-p 00000000 00:00 0 
7f91049e3000-7f91049e6000 ---p 00000000 00:00 0 
7f91049e6000-7f9104ae4000 rw-p 00000000 00:00 0 
7f9104ae4000-7f9104ae7000 ---p 00000000 00:00 0 
7f9104ae7000-7f9104be5000 rw-p 00000000 00:00 0 
7f9104c0f000-7f9104c12000 ---p 00000000 00:00 0 
7f9104c12000-7f9104d10000 rw-p 00000000 00:00 0 
7f9104d10000-7f9104d19000 r-xp 00000000 fd:01 5642730                    /tmp/jogamp.tmp.cache_000001/jln2138683964762380695/jln4532881139069654751/libnewt.so
7f9104d19000-7f9104f18000 ---p 00009000 fd:01 5642730                    /tmp/jogamp.tmp.cache_000001/jln2138683964762380695/jln4532881139069654751/libnewt.so
7f9104f18000-7f9104f19000 r--p 00008000 fd:01 5642730                    /tmp/jogamp.tmp.cache_000001/jln2138683964762380695/jln4532881139069654751/libnewt.so
7f9104f19000-7f9104f1a000 rw-p 00009000 fd:01 5642730                    /tmp/jogamp.tmp.cache_000001/jln2138683964762380695/jln4532881139069654751/libnewt.so
7f9104f1a000-7f9105d07000 rw-p 00000000 00:00 0 
7f9105d07000-7f9105d0f000 r-xp 00000000 fd:01 5121192                    /usr/lib64/libpciaccess.so.0.10.8
7f9105d0f000-7f9105f0e000 ---p 00008000 fd:01 5121192                    /usr/lib64/libpciaccess.so.0.10.8
7f9105f0e000-7f9105f0f000 rw-p 00007000 fd:01 5121192                    /usr/lib64/libpciaccess.so.0.10.8
7f9105f0f000-7f9105f1a000 r-xp 00000000 fd:01 5138374                    /usr/lib64/libdrm_intel.so.1.0.0
7f9105f1a000-7f9106119000 ---p 0000b000 fd:01 5138374                    /usr/lib64/libdrm_intel.so.1.0.0
7f9106119000-7f910611a000 rw-p 0000a000 fd:01 5138374                    /usr/lib64/libdrm_intel.so.1.0.0
7f9106138000-7f91064f2000 r-xp 00000000 fd:01 5384230                    /usr/lib64/dri/i965_dri.so
7f91064f2000-7f91066f1000 ---p 003ba000 fd:01 5384230                    /usr/lib64/dri/i965_dri.so
7f91066f1000-7f910670c000 rw-p 003b9000 fd:01 5384230                    /usr/lib64/dri/i965_dri.so
7f910670c000-7f910671e000 rw-p 00000000 00:00 0 
7f910671e000-7f91067a7000 r-xp 00000000 fd:01 5642725                    /tmp/jogamp.tmp.cache_000001/jln2138683964762380695/jln4532881139069654751/libjogl_desktop.so
7f91067a7000-7f91069a6000 ---p 00089000 fd:01 5642725                    /tmp/jogamp.tmp.cache_000001/jln2138683964762380695/jln4532881139069654751/libjogl_desktop.so
7f91069a6000-7f91069a7000 r--p 00088000 fd:01 5642725                    /tmp/jogamp.tmp.cache_000001/jln2138683964762380695/jln4532881139069654751/libjogl_desktop.so
7f91069a7000-7f91069a8000 rw-p 00089000 fd:01 5642725                    /tmp/jogamp.tmp.cache_000001/jln2138683964762380695/jln4532881139069654751/libjogl_desktop.so
7f91069a8000-7f91069ad000 r-xp 00000000 fd:01 5642729                    /tmp/jogamp.tmp.cache_000001/jln2138683964762380695/jln4532881139069654751/libnativewindow_x11.so
7f91069ad000-7f9106bac000 ---p 00005000 fd:01 5642729                    /tmp/jogamp.tmp.cache_000001/jln2138683964762380695/jln4532881139069654751/libnativewindow_x11.so
7f9106bac000-7f9106bad000 r--p 00004000 fd:01 5642729                    /tmp/jogamp.tmp.cache_000001/jln2138683964762380695/jln4532881139069654751/libnativewindow_x11.so
7f9106bad000-7f9106bae000 rw-p 00005000 fd:01 5642729                    /tmp/jogamp.tmp.cache_000001/jln2138683964762380695/jln4532881139069654751/libnativewindow_x11.so
7f9106bae000-7f9106bb0000 r-xp 00000000 fd:01 5642728                    /tmp/jogamp.tmp.cache_000001/jln2138683964762380695/jln4532881139069654751/libnativewindow_awt.so
7f9106bb0000-7f9106daf000 ---p 00002000 fd:01 5642728                    /tmp/jogamp.tmp.cache_000001/jln2138683964762380695/jln4532881139069654751/libnativewindow_awt.so
7f9106daf000-7f9106db0000 r--p 00001000 fd:01 5642728                    /tmp/jogamp.tmp.cache_000001/jln2138683964762380695/jln4532881139069654751/libnativewindow_awt.so
7f9106db0000-7f9106db1000 rw-p 00002000 fd:01 5642728                    /tmp/jogamp.tmp.cache_000001/jln2138683964762380695/jln4532881139069654751/libnativewindow_awt.so
7f9106db1000-7f9106db2000 r-xp 00000000 fd:01 6032433                    /usr/lib/jvm/java-1.6.0-openjdk-1.6.0.0.x86_64/jre/lib/amd64/libjawt.so
7f9106db2000-7f9106fb1000 ---p 00001000 fd:01 6032433                    /usr/lib/jvm/java-1.6.0-openjdk-1.6.0.0.x86_64/jre/lib/amd64/libjawt.so
7f9106fb1000-7f9106fb2000 rw-p 00000000 fd:01 6032433                    /usr/lib/jvm/java-1.6.0-openjdk-1.6.0.0.x86_64/jre/lib/amd64/libjawt.so
7f9106fb2000-7f9106fb4000 r-xp 00000000 fd:01 5642724                    /tmp/jogamp.tmp.cache_000001/jln2138683964762380695/jln4532881139069654751/libgluegen-rt.so
7f9106fb4000-7f91071b3000 ---p 00002000 fd:01 5642724                    /tmp/jogamp.tmp.cache_000001/jln2138683964762380695/jln4532881139069654751/libgluegen-rt.so
7f91071b3000-7f91071b4000 r--p 00001000 fd:01 5642724                    /tmp/jogamp.tmp.cache_000001/jln2138683964762380695/jln4532881139069654751/libgluegen-rt.so
7f91071b4000-7f91071b5000 rw-p 00002000 fd:01 5642724                    /tmp/jogamp.tmp.cache_000001/jln2138683964762380695/jln4532881139069654751/libgluegen-rt.so
7f91071b5000-7f91071b8000 ---p 00000000 00:00 0 
7f91071b8000-7f91072b6000 rw-p 00000000 00:00 0 
7f91072c4000-7f91072c7000 ---p 00000000 00:00 0 
7f91072c7000-7f91073c5000 rw-p 00000000 00:00 0 
7f91073c5000-7f91073fe000 rw-s 00000000 00:04 6357003                    /SYSV00000000 (deleted)
7f9107408000-7f910740c000 rw-s 00000000 00:04 6488073                    /SYSV00000000 (deleted)
7f910740c000-7f910740d000 rw-s 00000000 00:04 333567                     /drm mm object (deleted)
7f910740e000-7f9107426000 r--s 0043d000 00:26 162138403                  /home/dtrauner/cs461/hw4/JOGL/jars/jogl.all.jar
7f9107426000-7f9107427000 r--s 00020000 00:26 162138401                  /home/dtrauner/cs461/hw4/JOGL/jars/jogl-all-natives-linux-amd64.jar
7f9107427000-7f910742b000 r--s 00026000 00:26 162138402                  /home/dtrauner/cs461/hw4/JOGL/jars/gluegen-rt.jar
7f910742b000-7f910742c000 r--s 00000000 00:26 162138404                  /home/dtrauner/cs461/hw4/JOGL/jars/gluegen-rt-natives-linux-amd64.jar
7f910742c000-7f910742f000 ---p 00000000 00:00 0 
7f910742f000-7f910752d000 rw-p 00000000 00:00 0 
7f910752d000-7f910752e000 r--p 00000000 00:00 0 
7f910752e000-7f9107531000 ---p 00000000 00:00 0 
7f9107531000-7f910762f000 rw-p 00000000 00:00 0 
7f910762f000-7f9107632000 r--s 0007d000 fd:01 5901769                    /usr/lib/jvm/java-1.6.0-openjdk-1.6.0.0.x86_64/jre/lib/jsse.jar
7f9107632000-7f9107635000 ---p 00000000 00:00 0 
7f9107635000-7f9107733000 rw-p 00000000 00:00 0 
7f9107733000-7f910773a000 r--s 000fb000 fd:01 5901663                    /usr/lib/jvm/java-1.6.0-openjdk-1.6.0.0.x86_64/jre/lib/resources.jar
7f910773a000-7f910773e000 r--s 00000000 fd:01 1181204                    /var/cache/fontconfig/87f5e051180a7a75f16eb6fe7dbd3749-le64.cache-3
7f910773e000-7f9107747000 r--s 00000000 fd:01 1181199                    /var/cache/fontconfig/b79f3aaa7d385a141ab53ec885cc22a8-le64.cache-3
7f9107747000-7f910774a000 r--s 00000000 fd:01 1181601                    /var/cache/fontconfig/0b1bcc92b4d25cc154d77dafe3bceaa0-le64.cache-3
7f910774a000-7f910774c000 r--s 00000000 fd:01 1179944                    /var/cache/fontconfig/2e1514a9fdd499050989183bb65136db-le64.cache-3
7f910774c000-7f910774f000 r--s 00000000 fd:01 1181591                    /var/cache/fontconfig/5c755b2f27115486aa6359c84dd3cbda-le64.cache-3
7f910774f000-7f9107751000 r--s 00000000 fd:01 1181605                    /var/cache/fontconfig/3f821257dd33660ba7bbb45c32deb84c-le64.cache-3
7f9107751000-7f9107753000 r--s 00000000 fd:01 1181594                    /var/cache/fontconfig/830f035fa84a65ce80e050178dbb630d-le64.cache-3
7f9107753000-7f9107754000 r--s 00000000 fd:01 1181596                    /var/cache/fontconfig/81a173283b451552b599cfaafd6236bd-le64.cache-3
7f9107754000-7f9107755000 r--s 00000000 fd:01 1181614                    /var/cache/fontconfig/ac68f755438cc3dc5a526084839fc7ca-le64.cache-3
7f9107755000-7f9107756000 r--s 00000000 fd:01 1181590                    /var/cache/fontconfig/12513961c6e7090f8648812f9eaf65d6-le64.cache-3
7f9107756000-7f9107758000 r--s 00000000 fd:01 1181599                    /var/cache/fontconfig/e26bf336397aae6fcef4d3803472adec-le64.cache-3
7f9107758000-7f9107759000 r--s 00000000 fd:01 1181607                    /var/cache/fontconfig/a5c2dc934fad9bbf30c854216245519d-le64.cache-3
7f9107759000-7f9107761000 r-xp 00000000 fd:01 6032443                    /usr/lib/jvm/java-1.6.0-openjdk-1.6.0.0.x86_64/jre/lib/amd64/libnio.so
7f9107761000-7f9107960000 ---p 00008000 fd:01 6032443                    /usr/lib/jvm/java-1.6.0-openjdk-1.6.0.0.x86_64/jre/lib/amd64/libnio.so
7f9107960000-7f9107961000 rw-p 00007000 fd:01 6032443                    /usr/lib/jvm/java-1.6.0-openjdk-1.6.0.0.x86_64/jre/lib/amd64/libnio.so
7f9107961000-7f9107975000 r-xp 00000000 fd:01 6032442                    /usr/lib/jvm/java-1.6.0-openjdk-1.6.0.0.x86_64/jre/lib/amd64/libnet.so
7f9107975000-7f9107b75000 ---p 00014000 fd:01 6032442                    /usr/lib/jvm/java-1.6.0-openjdk-1.6.0.0.x86_64/jre/lib/amd64/libnet.so
7f9107b75000-7f9107b76000 rw-p 00014000 fd:01 6032442                    /usr/lib/jvm/java-1.6.0-openjdk-1.6.0.0.x86_64/jre/lib/amd64/libnet.so
7f9107b76000-7f9107baf000 r-xp 00000000 fd:01 6032557                    /usr/lib/jvm/java-1.6.0-openjdk-1.6.0.0.x86_64/jre/lib/amd64/libfontmanager.so
7f9107baf000-7f9107dae000 ---p 00039000 fd:01 6032557                    /usr/lib/jvm/java-1.6.0-openjdk-1.6.0.0.x86_64/jre/lib/amd64/libfontmanager.so
7f9107dae000-7f9107db1000 rw-p 00038000 fd:01 6032557                    /usr/lib/jvm/java-1.6.0-openjdk-1.6.0.0.x86_64/jre/lib/amd64/libfontmanager.so
7f9107db1000-7f9107dfc000 r-xp 00000000 fd:01 6296428                    /usr/lib/jvm/java-1.6.0-openjdk-1.6.0.0.x86_64/jre/lib/amd64/xawt/libmawt.so
7f9107dfc000-7f9107ffb000 ---p 0004b000 fd:01 6296428                    /usr/lib/jvm/java-1.6.0-openjdk-1.6.0.0.x86_64/jre/lib/amd64/xawt/libmawt.so
7f9107ffb000-7f9107fff000 rw-p 0004a000 fd:01 6296428                    /usr/lib/jvm/java-1.6.0-openjdk-1.6.0.0.x86_64/jre/lib/amd64/xawt/libmawt.so
7f9107fff000-7f9108000000 rw-p 00000000 00:00 0 
7f9108000000-7f9108021000 rw-p 00000000 00:00 0 
7f9108021000-7f910c000000 ---p 00000000 00:00 0 
7f910c000000-7f910c001000 r--s 00000000 fd:01 1181603                    /var/cache/fontconfig/17e60ccdf2eb53b214a9a5d6663eb217-le64.cache-3
7f910c001000-7f910c002000 r--s 00000000 fd:01 1182314                    /var/cache/fontconfig/6fcb01a03a016cc71057b587cdea6709-le64.cache-3
7f910c002000-7f910c003000 r--s 00000000 fd:01 1181611                    /var/cache/fontconfig/b887eea8f1b96e1d899b44ed6681fc27-le64.cache-3
7f910c003000-7f910c004000 r--s 00000000 fd:01 1181593                    /var/cache/fontconfig/860639f272b8b4b3094f9e399e41bccd-le64.cache-3
7f910c004000-7f910c005000 r--s 00000000 fd:01 1181609                    /var/cache/fontconfig/211368abcb0ff835c229ff05c9ec01dc-le64.cache-3
7f910c005000-7f910c006000 r--s 00000000 fd:01 1181608                    /var/cache/fontconfig/c46020d7221988a13df853d2b46304fc-le64.cache-3
7f910c006000-7f910c007000 r--s 00000000 fd:01 1181595                    /var/cache/fontconfig/df893b4576ad6107f9397134092c4059-le64.cache-3
7f910c007000-7f910c008000 r--s 00000000 fd:01 1181592                    /var/cache/fontconfig/900402270e15d763a6e008bb2d4c7686-le64.cache-3
7f910c008000-7f910c009000 r--s 00000000 fd:01 1181600                    /var/cache/fontconfig/47f48679023f44a4d1e44699a69464f6-le64.cache-3
7f910c009000-7f910c00d000 r--s 00000000 fd:01 1181964                    /var/cache/fontconfig/b67b32625a2bb51b023d3814a918f351-le64.cache-3
7f910c00d000-7f910c010000 ---p 00000000 00:00 0 
7f910c010000-7f910c10e000 rw-p 00000000 00:00 0 
7f910c10e000-7f910c1b8000 r-xp 00000000 fd:01 6031386                    /usr/lib/jvm/java-1.6.0-openjdk-1.6.0.0.x86_64/jre/lib/amd64/libawt.so
7f910c1b8000-7f910c3b8000 ---p 000aa000 fd:01 6031386                    /usr/lib/jvm/java-1.6.0-openjdk-1.6.0.0.x86_64/jre/lib/amd64/libawt.so
7f910c3b8000-7f910c3c4000 rw-p 000aa000 fd:01 6031386                    /usr/lib/jvm/java-1.6.0-openjdk-1.6.0.0.x86_64/jre/lib/amd64/libawt.so
7f910c3c4000-7f910c3e8000 rw-p 00000000 00:00 0 
7f910c3e8000-7f910c3f1000 r--s 00065000 fd:01 132324                     /usr/lib/jvm/java-1.6.0-openjdk-1.6.0.0.x86_64/jre/lib/ext/gnome-java-bridge.jar
7f910c3f1000-7f910c3f4000 r--s 0000f000 fd:01 138666                     /usr/lib/jvm/java-1.6.0-openjdk-1.6.0.0.x86_64/jre/lib/ext/pulse-java.jar
7f910c3f4000-7f910c3f5000 ---p 00000000 00:00 0 
7f910c3f5000-7f910c4f5000 rw-p 00000000 00:00 0 
7f910c4f5000-7f910c4f8000 ---p 00000000 00:00 0 
7f910c4f8000-7f910c5f6000 rw-p 00000000 00:00 0 
7f910c5f6000-7f910c5f9000 ---p 00000000 00:00 0 
7f910c5f9000-7f910c6f7000 rw-p 00000000 00:00 0 
7f910c6f7000-7f910c6fa000 ---p 00000000 00:00 0 
7f910c6fa000-7f910c7f8000 rw-p 00000000 00:00 0 
7f910c7f8000-7f910c7fb000 ---p 00000000 00:00 0 
7f910c7fb000-7f910c8f9000 rw-p 00000000 00:00 0 
7f910c8f9000-7f910c8fc000 ---p 00000000 00:00 0 
7f910c8fc000-7f910c9fa000 rw-p 00000000 00:00 0 
7f910c9fa000-7f910c9fd000 ---p 00000000 00:00 0 
7f910c9fd000-7f910cafb000 rw-p 00000000 00:00 0 
7f910cafb000-7f910cafc000 ---p 00000000 00:00 0 
7f910cafc000-7f910d000000 rw-p 00000000 00:00 0 
7f910d000000-7f910d270000 rwxp 00000000 00:00 0 
7f910d270000-7f9110333000 rw-p 00000000 00:00 0 
7f9110333000-7f9114000000 ---p 00000000 00:00 0 
7f9114000000-7f9114001000 r--s 00000000 fd:01 1181612                    /var/cache/fontconfig/2881ed3fd21ca306ddad6f9b0dd3189f-le64.cache-3
7f9114001000-7f9114002000 r--s 00000000 fd:01 1181776                    /var/cache/fontconfig/3c3fb04d32a5211b073874b125d29701-le64.cache-3
7f9114002000-7f9114003000 r--s 00000000 fd:01 1181598                    /var/cache/fontconfig/e61abf8156cc476151baa07d67337cae-le64.cache-3
7f9114003000-7f9114005000 r--s 00000000 fd:01 1181597                    /var/cache/fontconfig/d3379abda271c4acd2ad0c01f565d0b0-le64.cache-3
7f9114005000-7f9114006000 r--s 00000000 fd:01 1181606                    /var/cache/fontconfig/b4d0b56f766d89640448751fcd18ec1e-le64.cache-3
7f9114006000-7f911400f000 r--s 00000000 fd:01 1181602                    /var/cache/fontconfig/12b26b760a24f8b4feb03ad48a333a72-le64.cache-3
7f911400f000-7f9114040000 rw-p 00000000 00:00 0 
7f9114040000-7f9114044000 r--s 00000000 fd:01 1181204                    /var/cache/fontconfig/87f5e051180a7a75f16eb6fe7dbd3749-le64.cache-3
7f9114044000-7f911404d000 r--s 00000000 fd:01 1181199                    /var/cache/fontconfig/b79f3aaa7d385a141ab53ec885cc22a8-le64.cache-3
7f911404d000-7f9114050000 r--s 00000000 fd:01 1181601                    /var/cache/fontconfig/0b1bcc92b4d25cc154d77dafe3bceaa0-le64.cache-3
7f9114050000-7f9114052000 r--s 00000000 fd:01 1179944                    /var/cache/fontconfig/2e1514a9fdd499050989183bb65136db-le64.cache-3
7f9114052000-7f9114055000 r--s 00000000 fd:01 1181591                    /var/cache/fontconfig/5c755b2f27115486aa6359c84dd3cbda-le64.cache-3
7f9114055000-7f9114189000 rw-p 00000000 00:00 0 
7f9114189000-7f9114319000 r--s 037b3000 fd:01 5901664                    /usr/lib/jvm/java-1.6.0-openjdk-1.6.0.0.x86_64/jre/lib/rt.jar
7f9114319000-7f9114341000 rw-p 00000000 00:00 0 
7f9114341000-7f9114342000 ---p 00000000 00:00 0 
7f9114342000-7f9114442000 rw-p 00000000 00:00 0 
7f9114442000-7f9114443000 ---p 00000000 00:00 0 
7f9114443000-7f9114543000 rw-p 00000000 00:00 0 
7f9114543000-7f9114544000 ---p 00000000 00:00 0 
7f9114544000-7f9114644000 rw-p 00000000 00:00 0 
7f9114644000-7f9114645000 ---p 00000000 00:00 0 
7f9114645000-7f9114751000 rw-p 00000000 00:00 0 
7f9114751000-7f9114798000 rw-p 00000000 00:00 0 
7f9114798000-7f91147c2000 rw-p 00000000 00:00 0 
7f91147c2000-7f9114a2a000 rw-p 00000000 00:00 0 
7f9114a2a000-7f9114a36000 rw-p 00000000 00:00 0 
7f9114a36000-7f9114a7d000 rw-p 00000000 00:00 0 
7f9114a7d000-7f9114aa7000 rw-p 00000000 00:00 0 
7f9114aa7000-7f9114d0e000 rw-p 00000000 00:00 0 
7f9114d0e000-7f9114d23000 rw-p 00000000 00:00 0 
7f9114d23000-7f9114e57000 rw-p 00000000 00:00 0 
7f9114e57000-7f9114e62000 rw-p 00000000 00:00 0 
7f9114e62000-7f9114f18000 rw-p 00000000 00:00 0 
7f9114f18000-7f9114f1f000 r-xp 00000000 fd:01 6032451                    /usr/lib/jvm/java-1.6.0-openjdk-1.6.0.0.x86_64/jre/lib/amd64/libzip.so
7f9114f1f000-7f911511e000 ---p 00007000 fd:01 6032451                    /usr/lib/jvm/java-1.6.0-openjdk-1.6.0.0.x86_64/jre/lib/amd64/libzip.so
7f911511e000-7f911511f000 rw-p 00006000 fd:01 6032451                    /usr/lib/jvm/java-1.6.0-openjdk-1.6.0.0.x86_64/jre/lib/amd64/libzip.so
7f911511f000-7f9115129000 r-xp 00000000 fd:01 786740                     /lib64/libnss_nis-2.14.1.so
7f9115129000-7f9115328000 ---p 0000a000 fd:01 786740                     /lib64/libnss_nis-2.14.1.so
7f9115328000-7f9115329000 r--p 00009000 fd:01 786740                     /lib64/libnss_nis-2.14.1.so
7f9115329000-7f911532a000 rw-p 0000a000 fd:01 786740                     /lib64/libnss_nis-2.14.1.so
7f911532a000-7f9115336000 r-xp 00000000 fd:01 786732                     /lib64/libnss_files-2.14.1.so
7f9115336000-7f9115535000 ---p 0000c000 fd:01 786732                     /lib64/libnss_files-2.14.1.so
7f9115535000-7f9115536000 r--p 0000b000 fd:01 786732                     /lib64/libnss_files-2.14.1.so
7f9115536000-7f9115537000 rw-p 0000c000 fd:01 786732                     /lib64/libnss_files-2.14.1.so
7f9115537000-7f9115538000 r--s 00000000 fd:01 1181518                    /var/cache/fontconfig/3640555adad8a8f6978400293cfce7ab-le64.cache-3
7f9115538000-7f911553a000 r--s 00000000 fd:01 1181605                    /var/cache/fontconfig/3f821257dd33660ba7bbb45c32deb84c-le64.cache-3
7f911553a000-7f911553c000 r--s 00000000 fd:01 1181594                    /var/cache/fontconfig/830f035fa84a65ce80e050178dbb630d-le64.cache-3
7f911553c000-7f911553d000 r--s 00000000 fd:01 1181596                    /var/cache/fontconfig/81a173283b451552b599cfaafd6236bd-le64.cache-3
7f911553d000-7f911553e000 r--s 00000000 fd:01 1181614                    /var/cache/fontconfig/ac68f755438cc3dc5a526084839fc7ca-le64.cache-3
7f911553e000-7f911553f000 r--s 00000000 fd:01 1181590                    /var/cache/fontconfig/12513961c6e7090f8648812f9eaf65d6-le64.cache-3
7f911553f000-7f9115541000 r--s 00000000 fd:01 1181599                    /var/cache/fontconfig/e26bf336397aae6fcef4d3803472adec-le64.cache-3
7f9115541000-7f9115542000 r--s 00000000 fd:01 1181607                    /var/cache/fontconfig/a5c2dc934fad9bbf30c854216245519d-le64.cache-3
7f9115542000-7f9115543000 r--s 00000000 fd:01 1181603                    /var/cache/fontconfig/17e60ccdf2eb53b214a9a5d6663eb217-le64.cache-3
7f9115543000-7f9115544000 r--s 00000000 fd:01 1182314                    /var/cache/fontconfig/6fcb01a03a016cc71057b587cdea6709-le64.cache-3
7f9115544000-7f9115545000 r--s 00000000 fd:01 1181611                    /var/cache/fontconfig/b887eea8f1b96e1d899b44ed6681fc27-le64.cache-3
7f9115545000-7f9115546000 r--s 00000000 fd:01 1181593                    /var/cache/fontconfig/860639f272b8b4b3094f9e399e41bccd-le64.cache-3
7f9115546000-7f9115547000 r--s 00000000 fd:01 1181609                    /var/cache/fontconfig/211368abcb0ff835c229ff05c9ec01dc-le64.cache-3
7f9115547000-7f9115548000 r--s 00000000 fd:01 1181608                    /var/cache/fontconfig/c46020d7221988a13df853d2b46304fc-le64.cache-3
7f9115548000-7f9115549000 r--s 00000000 fd:01 1181595                    /var/cache/fontconfig/df893b4576ad6107f9397134092c4059-le64.cache-3
7f9115549000-7f911554a000 r--s 00000000 fd:01 1181592                    /var/cache/fontconfig/900402270e15d763a6e008bb2d4c7686-le64.cache-3
7f911554a000-7f911554b000 r--s 00000000 fd:01 1181600                    /var/cache/fontconfig/47f48679023f44a4d1e44699a69464f6-le64.cache-3
7f911554b000-7f911554c000 r--s 00000000 fd:01 1181612                    /var/cache/fontconfig/2881ed3fd21ca306ddad6f9b0dd3189f-le64.cache-3
7f911554c000-7f911554d000 r--s 00000000 fd:01 1181776                    /var/cache/fontconfig/3c3fb04d32a5211b073874b125d29701-le64.cache-3
7f911554d000-7f911554e000 r--s 00000000 fd:01 1181598                    /var/cache/fontconfig/e61abf8156cc476151baa07d67337cae-le64.cache-3
7f911554e000-7f9115552000 r--s 00000000 fd:01 1181964                    /var/cache/fontconfig/b67b32625a2bb51b023d3814a918f351-le64.cache-3
7f9115552000-7f9115554000 r--s 00000000 fd:01 1181597                    /var/cache/fontconfig/d3379abda271c4acd2ad0c01f565d0b0-le64.cache-3
7f9115554000-7f9115555000 r--s 00000000 fd:01 1181606                    /var/cache/fontconfig/b4d0b56f766d89640448751fcd18ec1e-le64.cache-3
7f9115555000-7f9115581000 r-xp 00000000 fd:01 6032431                    /usr/lib/jvm/java-1.6.0-openjdk-1.6.0.0.x86_64/jre/lib/amd64/libjava.so
7f9115581000-7f9115780000 ---p 0002c000 fd:01 6032431                    /usr/lib/jvm/java-1.6.0-openjdk-1.6.0.0.x86_64/jre/lib/amd64/libjava.so
7f9115780000-7f9115784000 rw-p 0002b000 fd:01 6032431                    /usr/lib/jvm/java-1.6.0-openjdk-1.6.0.0.x86_64/jre/lib/amd64/libjava.so
7f9115784000-7f9115792000 r-xp 00000000 fd:01 6032450                    /usr/lib/jvm/java-1.6.0-openjdk-1.6.0.0.x86_64/jre/lib/amd64/libverify.so
7f9115792000-7f9115991000 ---p 0000e000 fd:01 6032450                    /usr/lib/jvm/java-1.6.0-openjdk-1.6.0.0.x86_64/jre/lib/amd64/libverify.so
7f9115991000-7f9115993000 rw-p 0000d000 fd:01 6032450                    /usr/lib/jvm/java-1.6.0-openjdk-1.6.0.0.x86_64/jre/lib/amd64/libverify.so
7f9115993000-7f9115996000 ---p 00000000 00:00 0 
7f9115996000-7f9115a94000 rw-p 00000000 00:00 0 
7f9115a94000-7f9115b17000 r-xp 00000000 fd:01 801282                     /lib64/libm-2.14.1.so
7f9115b17000-7f9115d16000 ---p 00083000 fd:01 801282                     /lib64/libm-2.14.1.so
7f9115d16000-7f9115d17000 r--p 00082000 fd:01 801282                     /lib64/libm-2.14.1.so
7f9115d17000-7f9115d18000 rw-p 00083000 fd:01 801282                     /lib64/libm-2.14.1.so
7f9115d18000-7f911661d000 r-xp 00000000 fd:01 6296427                    /usr/lib/jvm/java-1.6.0-openjdk-1.6.0.0.x86_64/jre/lib/amd64/server/libjvm.so
7f911661d000-7f911681d000 ---p 00905000 fd:01 6296427                    /usr/lib/jvm/java-1.6.0-openjdk-1.6.0.0.x86_64/jre/lib/amd64/server/libjvm.so
7f911681d000-7f91168b8000 rw-p 00905000 fd:01 6296427                    /usr/lib/jvm/java-1.6.0-openjdk-1.6.0.0.x86_64/jre/lib/amd64/server/libjvm.so
7f91168b8000-7f91168e6000 rw-p 00000000 00:00 0 
7f91168e6000-7f91168ef000 r--s 00000000 fd:01 1181602                    /var/cache/fontconfig/12b26b760a24f8b4feb03ad48a333a72-le64.cache-3
7f91168ef000-7f91168f0000 r--s 00000000 fd:01 1181518                    /var/cache/fontconfig/3640555adad8a8f6978400293cfce7ab-le64.cache-3
7f91168f0000-7f91168f3000 r--s 0001b000 fd:01 5901621                    /usr/lib/jvm/java-1.6.0-openjdk-1.6.0.0.x86_64/jre/lib/plugin.jar
7f91168f3000-7f91168fa000 r--s 0005e000 fd:01 5903657                    /usr/lib/jvm/java-1.6.0-openjdk-1.6.0.0.x86_64/jre/lib/netx.jar
7f91168fa000-7f9116902000 rw-s 00000000 fd:01 5642721                    /tmp/hsperfdata_dtrauner/28450
7f9116902000-7f9116903000 rw-p 00000000 00:00 0 
7f9116903000-7f9116904000 r--p 00000000 00:00 0 
7f9116904000-7f9116905000 rw-p 00000000 00:00 0 
7fff5052c000-7fff5054d000 rw-p 00000000 00:00 0                          [stack]
7fff505ff000-7fff50600000 r-xp 00000000 00:00 0                          [vdso]
ffffffffff600000-ffffffffff601000 r-xp 00000000 00:00 0                  [vsyscall]

VM Arguments:
jvm_args: -Djava.library.path=/home/dtrauner/cs461/hw4/JOGL/lib:/home/dtrauner/cs461/hw4/JOGL/lib:/home/dtrauner/cs461/hw4/JOGL/lib:/home/dtrauner/cs461/hw4/JOGL/lib -Dfile.encoding=UTF-8 
java_command: nehe_opengl_tutorials.Nehe_Opengl_Tutorials
Launcher Type: SUN_STANDARD

Environment Variables:
CLASSPATH=.:/home/share/lib/bailey.jar
PATH=/usr/local/rvm/gems/ruby-1.9.3-p0/bin:/usr/local/rvm/gems/ruby-1.9.3-p0@global/bin:/usr/local/rvm/rubies/ruby-1.9.3-p0/bin:/usr/local/rvm/bin:/home/share/bin:/usr/lib64/ccache:/usr/local/bin:/usr/bin:/bin:/usr/games:/usr/local/sbin:/usr/sbin:/sbin:/home/dtrauner/bin
LD_LIBRARY_PATH=/usr/lib/jvm/java-1.6.0-openjdk-1.6.0.0.x86_64/jre/lib/amd64/server:/usr/lib/jvm/java-1.6.0-openjdk-1.6.0.0.x86_64/jre/lib/amd64:/usr/lib/jvm/java-1.6.0-openjdk-1.6.0.0.x86_64/jre/../lib/amd64
SHELL=/bin/bash
DISPLAY=:0

Signal Handlers:
SIGSEGV: [libjvm.so+0x785a80], sa_mask[0]=0x7ffbfeff, sa_flags=0x10000004
SIGBUS: [libjvm.so+0x785a80], sa_mask[0]=0x7ffbfeff, sa_flags=0x10000004
SIGFPE: [libjvm.so+0x64a710], sa_mask[0]=0x7ffbfeff, sa_flags=0x10000004
SIGPIPE: [libjvm.so+0x64a710], sa_mask[0]=0x7ffbfeff, sa_flags=0x10000004
SIGXFSZ: [libjvm.so+0x64a710], sa_mask[0]=0x7ffbfeff, sa_flags=0x10000004
SIGILL: [libjvm.so+0x64a710], sa_mask[0]=0x7ffbfeff, sa_flags=0x10000004
SIGUSR1: SIG_DFL, sa_mask[0]=0x00000000, sa_flags=0x00000000
SIGUSR2: [libjvm.so+0x64a8a0], sa_mask[0]=0x00000004, sa_flags=0x10000004
SIGHUP: [libjvm.so+0x64d240], sa_mask[0]=0x7ffbfeff, sa_flags=0x10000004
SIGINT: [libjvm.so+0x64d240], sa_mask[0]=0x7ffbfeff, sa_flags=0x10000004
SIGTERM: [libjvm.so+0x64d240], sa_mask[0]=0x7ffbfeff, sa_flags=0x10000004
SIGQUIT: [libjvm.so+0x64d240], sa_mask[0]=0x7ffbfeff, sa_flags=0x10000004


---------------  S Y S T E M  ---------------

OS:Fedora release 15 (Lovelock)

uname:Linux 2.6.40.4-5.fc15.x86_64 #1 SMP Tue Aug 30 14:38:32 UTC 2011 x86_64
libc:glibc 2.14.1 NPTL 2.14.1 
rlimit: STACK 8192k, CORE 0k, NPROC 1024, NOFILE 4096, AS infinity
load average:0.25 0.14 0.10

/proc/meminfo:
MemTotal:        8071960 kB
MemFree:         4768148 kB
Buffers:          231924 kB
Cached:          1584188 kB
SwapCached:            0 kB
Active:          1836164 kB
Inactive:        1136316 kB
Active(anon):    1182184 kB
Inactive(anon):   166360 kB
Active(file):     653980 kB
Inactive(file):   969956 kB
Unevictable:           0 kB
Mlocked:               0 kB
SwapTotal:      10158076 kB
SwapFree:       10158076 kB
Dirty:               100 kB
Writeback:             0 kB
AnonPages:       1156580 kB
Mapped:           104344 kB
Shmem:            192184 kB
Slab:             179428 kB
SReclaimable:     153520 kB
SUnreclaim:        25908 kB
KernelStack:        2864 kB
PageTables:        27332 kB
NFS_Unstable:          0 kB
Bounce:                0 kB
WritebackTmp:          0 kB
CommitLimit:    14194056 kB
Committed_AS:    2557048 kB
VmallocTotal:   34359738367 kB
VmallocUsed:      385552 kB
VmallocChunk:   34359260276 kB
HardwareCorrupted:     0 kB
AnonHugePages:    503808 kB
HugePages_Total:       0
HugePages_Free:        0
HugePages_Rsvd:        0
HugePages_Surp:        0
Hugepagesize:       2048 kB
DirectMap4k:       12288 kB
DirectMap2M:     8261632 kB


CPU:total 4 (2 cores per cpu, 2 threads per core) family 6 model 42 stepping 7, cmov, cx8, fxsr, mmx, sse, sse2, sse3, ssse3, sse4.1, sse4.2, popcnt, ht

Memory: 4k page, physical 8071960k(4768148k free), swap 10158076k(10158076k free)

vm_info: OpenJDK 64-Bit Server VM (20.0-b11) for linux-amd64 JRE (1.6.0_22-b22), built on Feb 15 2012 07:55:22 by "mockbuild" with gcc 4.6.1 20110908 (Red Hat 4.6.1-9)

time: Tue Mar 20 14:21:03 2012
elapsed time: 50 seconds

